19:03:51.725  INFO  manager.ApplicationManager - All tests run in Chrome browser
19:03:56.808  INFO  manager.ApplicationManager - Current Url ---> https://contacts-app.tobbymarshall815.vercel.app/home
19:03:57.326  INFO  tests.TestBase - Start method with name --->addNewContactSuccess
19:03:57.340  INFO  manager.MyListener - New Before find by --> By.xpath: //button[text()='Sign Out']
19:04:02.500  INFO  manager.MyListener - WebDriver start find element -->By.cssSelector: a[href='/login']
19:04:03.791  INFO  manager.MyListener - WebDriver start find element -->By.xpath: //input[1]
19:04:05.709  INFO  manager.MyListener - WebDriver start find element -->By.xpath: //input[2]
19:04:06.909  INFO  manager.MyListener - WebDriver start find element -->By.xpath: //button[1]
19:04:07.286  INFO  tests.TestBase - user
19:04:07.399  INFO  tests.TestBase - Contact is ---> Contact(name=Zoar1574, lastName=Hot, phone=05034255661574, email=zoar@gmail.com, address=Haifa, description=friend)
19:04:08.403  INFO  manager.MyListener - WebDriver start find element -->By.xpath: //a[text()='ADD']
19:04:09.426  INFO  manager.MyListener - WebDriver start find element -->By.cssSelector: [placeholder='Name']
19:04:10.519  INFO  manager.MyListener - WebDriver start find element -->By.cssSelector: [placeholder='Last Name']
19:04:12.096  INFO  manager.MyListener - WebDriver start find element -->By.cssSelector: [placeholder='Phone']
19:04:13.707  INFO  manager.MyListener - WebDriver start find element -->By.cssSelector: [placeholder='email']
19:04:14.773  INFO  manager.MyListener - WebDriver start find element -->By.cssSelector: [placeholder='Address']
19:04:15.902  INFO  manager.MyListener - WebDriver start find element -->By.cssSelector: [placeholder='description']
19:04:16.809  INFO  manager.MyListener - WebDriver start find element -->By.cssSelector: button b
19:04:17.158  INFO  manager.MyListener - New Before find by --> By.cssSelector: h2
19:04:18.642  INFO  tests.TestBase - Check name ---> Zoar1574
19:04:18.644  INFO  manager.MyListener - New Before find by --> By.cssSelector: h3
19:04:19.028  INFO  tests.TestBase - Check phone ---> 05034255661574
19:04:19.040  INFO  tests.TestBase - Start method with name --->addNewContactSuccess
19:04:19.045  INFO  manager.MyListener - New Before find by --> By.xpath: //button[text()='Sign Out']
19:04:19.117  INFO  tests.TestBase - Contact is ---> Contact(name=Zoar1850, lastName=Hot, phone=05034255661850, email=zoar@gmail.com, address=Haifa, description=friend)
19:04:20.125  INFO  manager.MyListener - WebDriver start find element -->By.xpath: //a[text()='ADD']
19:04:20.666  INFO  manager.MyListener - WebDriver start find element -->By.cssSelector: [placeholder='Name']
19:04:21.500  INFO  manager.MyListener - WebDriver start find element -->By.cssSelector: [placeholder='Last Name']
19:04:22.620  INFO  manager.MyListener - WebDriver start find element -->By.cssSelector: [placeholder='Phone']
19:04:24.876  INFO  manager.MyListener - WebDriver start find element -->By.cssSelector: [placeholder='email']
19:04:27.261  INFO  manager.MyListener - WebDriver start find element -->By.cssSelector: [placeholder='Address']
19:04:29.124  INFO  manager.MyListener - WebDriver start find element -->By.cssSelector: [placeholder='description']
19:04:30.689  INFO  manager.MyListener - WebDriver start find element -->By.cssSelector: button b
19:04:31.070  INFO  manager.MyListener - New Before find by --> By.cssSelector: h2
19:04:35.178  INFO  tests.TestBase - Check name ---> Zoar1850
19:04:35.179  INFO  manager.MyListener - New Before find by --> By.cssSelector: h3
19:04:35.844  INFO  tests.TestBase - Check phone ---> 05034255661850
19:04:35.866  INFO  tests.TestBase - Start method with name --->loginNegativeTestsWrongEmail
19:04:35.870  INFO  manager.MyListener - New Before find by --> By.xpath: //button[text()='Sign Out']
19:04:36.027  INFO  manager.MyListener - WebDriver start find element -->By.xpath: //button[text()='Sign Out']
19:04:36.855  INFO  manager.MyListener - WebDriver start find element -->By.cssSelector: a[href='/login']
19:04:37.640  INFO  manager.MyListener - WebDriver start find element -->By.xpath: //input[1]
19:04:42.035  INFO  manager.MyListener - WebDriver start find element -->By.xpath: //input[]
19:04:42.176  INFO  manager.MyListener - The name of method with error -->findElement
19:04:42.194  INFO  manager.MyListener - We have a problem ---> org.openqa.selenium.InvalidSelectorException: invalid selector: Unable to locate an element with the xpath expression //input[] because of the following error:
SyntaxError: Failed to execute 'evaluate' on 'Document': The string '//input[]' is not a valid XPath expression.
  (Session info: chrome=103.0.5060.114)
For documentation on this error, please visit: https://selenium.dev/exceptions/#invalid_selector_exception
Build info: version: '4.2.2', revision: '683ccb65d6'
System info: host: 'ALEXPC', ip: '192.168.1.108', os.name: 'Windows 8.1', os.arch: 'amd64', os.version: '6.3', java.version: '11.0.15.1'
Driver info: org.openqa.selenium.chrome.ChromeDriver
Command: [f4ef075cf1d076be1c230efb6e123010, findElement {using=xpath, value=//input[]}]
Capabilities {acceptInsecureCerts: false, browserName: chrome, browserVersion: 103.0.5060.114, chrome: {chromedriverVersion: 103.0.5060.53 (a1711811edd7..., userDataDir: C:\Users\alex\AppData\Local...}, goog:chromeOptions: {debuggerAddress: localhost:57369}, networkConnectionEnabled: false, pageLoadStrategy: normal, platformName: WINDOWS, proxy: Proxy(), se:cdp: ws://localhost:57369/devtoo..., se:cdpVersion: 103.0.5060.114, setWindowRect: true, strictFileInteractability: false, timeouts: {implicit: 0, pageLoad: 300000, script: 30000}, unhandledPromptBehavior: dismiss and notify, webauthn:extension:credBlob: true, webauthn:extension:largeBlob: true, webauthn:virtualAuthenticators: true}
Session ID: f4ef075cf1d076be1c230efb6e123010
19:04:42.228  INFO  tests.TestBase - Start method with name --->loginSuccess
19:04:42.233  INFO  manager.MyListener - New Before find by --> By.xpath: //button[text()='Sign Out']
19:04:47.323  INFO  manager.MyListener - WebDriver start find element -->By.cssSelector: a[href='/login']
19:04:48.056  INFO  manager.MyListener - WebDriver start find element -->By.xpath: //input[1]
19:04:53.193  INFO  manager.MyListener - WebDriver start find element -->By.xpath: //input[]
19:04:53.410  INFO  manager.MyListener - The name of method with error -->findElement
19:04:53.411  INFO  manager.MyListener - We have a problem ---> org.openqa.selenium.InvalidSelectorException: invalid selector: Unable to locate an element with the xpath expression //input[] because of the following error:
SyntaxError: Failed to execute 'evaluate' on 'Document': The string '//input[]' is not a valid XPath expression.
  (Session info: chrome=103.0.5060.114)
For documentation on this error, please visit: https://selenium.dev/exceptions/#invalid_selector_exception
Build info: version: '4.2.2', revision: '683ccb65d6'
System info: host: 'ALEXPC', ip: '192.168.1.108', os.name: 'Windows 8.1', os.arch: 'amd64', os.version: '6.3', java.version: '11.0.15.1'
Driver info: org.openqa.selenium.chrome.ChromeDriver
Command: [f4ef075cf1d076be1c230efb6e123010, findElement {using=xpath, value=//input[]}]
Capabilities {acceptInsecureCerts: false, browserName: chrome, browserVersion: 103.0.5060.114, chrome: {chromedriverVersion: 103.0.5060.53 (a1711811edd7..., userDataDir: C:\Users\alex\AppData\Local...}, goog:chromeOptions: {debuggerAddress: localhost:57369}, networkConnectionEnabled: false, pageLoadStrategy: normal, platformName: WINDOWS, proxy: Proxy(), se:cdp: ws://localhost:57369/devtoo..., se:cdpVersion: 103.0.5060.114, setWindowRect: true, strictFileInteractability: false, timeouts: {implicit: 0, pageLoad: 300000, script: 30000}, unhandledPromptBehavior: dismiss and notify, webauthn:extension:credBlob: true, webauthn:extension:largeBlob: true, webauthn:virtualAuthenticators: true}
Session ID: f4ef075cf1d076be1c230efb6e123010
19:04:53.441  INFO  tests.TestBase - Start method with name --->registrationSuccess
19:04:53.451  INFO  manager.MyListener - WebDriver start find element -->By.cssSelector: a[href='/login']
19:04:54.145  INFO  manager.MyListener - WebDriver start find element -->By.xpath: //input[1]
19:04:57.425  INFO  manager.MyListener - WebDriver start find element -->By.xpath: //input[]
19:04:57.489  INFO  manager.MyListener - The name of method with error -->findElement
19:04:57.490  INFO  manager.MyListener - We have a problem ---> org.openqa.selenium.InvalidSelectorException: invalid selector: Unable to locate an element with the xpath expression //input[] because of the following error:
SyntaxError: Failed to execute 'evaluate' on 'Document': The string '//input[]' is not a valid XPath expression.
  (Session info: chrome=103.0.5060.114)
For documentation on this error, please visit: https://selenium.dev/exceptions/#invalid_selector_exception
Build info: version: '4.2.2', revision: '683ccb65d6'
System info: host: 'ALEXPC', ip: '192.168.1.108', os.name: 'Windows 8.1', os.arch: 'amd64', os.version: '6.3', java.version: '11.0.15.1'
Driver info: org.openqa.selenium.chrome.ChromeDriver
Command: [f4ef075cf1d076be1c230efb6e123010, findElement {using=xpath, value=//input[]}]
Capabilities {acceptInsecureCerts: false, browserName: chrome, browserVersion: 103.0.5060.114, chrome: {chromedriverVersion: 103.0.5060.53 (a1711811edd7..., userDataDir: C:\Users\alex\AppData\Local...}, goog:chromeOptions: {debuggerAddress: localhost:57369}, networkConnectionEnabled: false, pageLoadStrategy: normal, platformName: WINDOWS, proxy: Proxy(), se:cdp: ws://localhost:57369/devtoo..., se:cdpVersion: 103.0.5060.114, setWindowRect: true, strictFileInteractability: false, timeouts: {implicit: 0, pageLoad: 300000, script: 30000}, unhandledPromptBehavior: dismiss and notify, webauthn:extension:credBlob: true, webauthn:extension:largeBlob: true, webauthn:virtualAuthenticators: true}
Session ID: f4ef075cf1d076be1c230efb6e123010
19:04:57.499  INFO  tests.TestBase - Start method with name --->removeAllContactsSuccess
19:04:57.502  INFO  manager.MyListener - New Before find by --> By.xpath: //button[text()='Sign Out']
19:05:02.622  INFO  manager.MyListener - WebDriver start find element -->By.cssSelector: a[href='/login']
19:05:03.155  INFO  manager.MyListener - WebDriver start find element -->By.xpath: //input[1]
19:05:04.735  INFO  manager.MyListener - WebDriver start find element -->By.xpath: //input[2]
19:05:05.510  INFO  manager.MyListener - WebDriver start find element -->By.xpath: //button[1]
19:05:06.301  INFO  manager.MyListener - New Before find by --> By.cssSelector: .contact-item_card__2SOIM
19:05:12.398  INFO  manager.MyListener - WebDriver start find element -->By.xpath: //a[text()='ADD']
19:05:13.008  INFO  manager.MyListener - WebDriver start find element -->By.cssSelector: [placeholder='Name']
19:05:14.132  INFO  manager.MyListener - WebDriver start find element -->By.cssSelector: [placeholder='Last Name']
19:05:15.123  INFO  manager.MyListener - WebDriver start find element -->By.cssSelector: [placeholder='Phone']
19:05:15.980  INFO  manager.MyListener - WebDriver start find element -->By.cssSelector: [placeholder='email']
19:05:17.055  INFO  manager.MyListener - WebDriver start find element -->By.cssSelector: [placeholder='Address']
19:05:17.896  INFO  manager.MyListener - WebDriver start find element -->By.cssSelector: button b
19:05:19.369  INFO  manager.MyListener - WebDriver start find element -->By.xpath: //a[text()='ADD']
19:05:19.772  INFO  manager.MyListener - WebDriver start find element -->By.cssSelector: [placeholder='Name']
19:05:20.547  INFO  manager.MyListener - WebDriver start find element -->By.cssSelector: [placeholder='Last Name']
19:05:21.535  INFO  manager.MyListener - WebDriver start find element -->By.cssSelector: [placeholder='Phone']
19:05:23.364  INFO  manager.MyListener - WebDriver start find element -->By.cssSelector: [placeholder='email']
19:05:24.967  INFO  manager.MyListener - WebDriver start find element -->By.cssSelector: [placeholder='Address']
19:05:25.592  INFO  manager.MyListener - WebDriver start find element -->By.cssSelector: button b
19:05:26.944  INFO  manager.MyListener - WebDriver start find element -->By.xpath: //a[text()='ADD']
19:05:27.174  INFO  manager.MyListener - WebDriver start find element -->By.cssSelector: [placeholder='Name']
19:05:27.522  INFO  manager.MyListener - The name of method with error -->sendKeys
19:05:27.524  INFO  manager.MyListener - We have a problem ---> org.openqa.selenium.StaleElementReferenceException: stale element reference: element is not attached to the page document
  (Session info: chrome=103.0.5060.114)
For documentation on this error, please visit: https://selenium.dev/exceptions/#stale_element_reference
Build info: version: '4.2.2', revision: '683ccb65d6'
System info: host: 'ALEXPC', ip: '192.168.1.108', os.name: 'Windows 8.1', os.arch: 'amd64', os.version: '6.3', java.version: '11.0.15.1'
Driver info: org.openqa.selenium.chrome.ChromeDriver
Command: [f4ef075cf1d076be1c230efb6e123010, sendKeysToElement {id=c468b9b7-ec32-4929-9d0d-d56cb2a92f33, value=[Ljava.lang.CharSequence;@545d2560}]
Capabilities {acceptInsecureCerts: false, browserName: chrome, browserVersion: 103.0.5060.114, chrome: {chromedriverVersion: 103.0.5060.53 (a1711811edd7..., userDataDir: C:\Users\alex\AppData\Local...}, goog:chromeOptions: {debuggerAddress: localhost:57369}, networkConnectionEnabled: false, pageLoadStrategy: normal, platformName: WINDOWS, proxy: Proxy(), se:cdp: ws://localhost:57369/devtoo..., se:cdpVersion: 103.0.5060.114, setWindowRect: true, strictFileInteractability: false, timeouts: {implicit: 0, pageLoad: 300000, script: 30000}, unhandledPromptBehavior: dismiss and notify, webauthn:extension:credBlob: true, webauthn:extension:largeBlob: true, webauthn:virtualAuthenticators: true}
Element: [[ChromeDriver: chrome on WINDOWS (f4ef075cf1d076be1c230efb6e123010)] -> css selector: [placeholder='Name']]
Session ID: f4ef075cf1d076be1c230efb6e123010
