19:07:11.772  INFO  manager.ApplicationManager - All tests run in Chrome browser
19:07:16.192  INFO  manager.ApplicationManager - Current Url ---> https://contacts-app.tobbymarshall815.vercel.app/home
19:07:16.720  INFO  tests.TestBase - Start method with name --->loginNegativeTestsWrongEmail
19:07:16.729  INFO  manager.MyListener - New Before find by --> By.xpath: //button[text()='Sign Out']
19:07:21.852  INFO  manager.MyListener - WebDriver start find element -->By.cssSelector: a[href='/login']
19:07:22.347  INFO  manager.MyListener - WebDriver start find element -->By.xpath: //input[1]
19:07:26.591  INFO  manager.MyListener - WebDriver start find element -->By.xpath: //input[]
19:07:26.768  INFO  manager.MyListener - The name of method with error -->findElement
19:07:26.787  INFO  manager.MyListener - We have a problem ---> org.openqa.selenium.InvalidSelectorException: invalid selector: Unable to locate an element with the xpath expression //input[] because of the following error:
SyntaxError: Failed to execute 'evaluate' on 'Document': The string '//input[]' is not a valid XPath expression.
  (Session info: chrome=103.0.5060.114)
For documentation on this error, please visit: https://selenium.dev/exceptions/#invalid_selector_exception
Build info: version: '4.2.2', revision: '683ccb65d6'
System info: host: 'ALEXPC', ip: '192.168.1.108', os.name: 'Windows 8.1', os.arch: 'amd64', os.version: '6.3', java.version: '11.0.15.1'
Driver info: org.openqa.selenium.chrome.ChromeDriver
Command: [fa573ca457ccb9918cf7ddb068ea3089, findElement {using=xpath, value=//input[]}]
Capabilities {acceptInsecureCerts: false, browserName: chrome, browserVersion: 103.0.5060.114, chrome: {chromedriverVersion: 103.0.5060.53 (a1711811edd7..., userDataDir: C:\Users\alex\AppData\Local...}, goog:chromeOptions: {debuggerAddress: localhost:58071}, networkConnectionEnabled: false, pageLoadStrategy: normal, platformName: WINDOWS, proxy: Proxy(), se:cdp: ws://localhost:58071/devtoo..., se:cdpVersion: 103.0.5060.114, setWindowRect: true, strictFileInteractability: false, timeouts: {implicit: 0, pageLoad: 300000, script: 30000}, unhandledPromptBehavior: dismiss and notify, webauthn:extension:credBlob: true, webauthn:extension:largeBlob: true, webauthn:virtualAuthenticators: true}
Session ID: fa573ca457ccb9918cf7ddb068ea3089
19:07:26.859  INFO  tests.TestBase - Start method with name --->loginSuccess
19:07:26.869  INFO  manager.MyListener - New Before find by --> By.xpath: //button[text()='Sign Out']
19:07:32.517  INFO  manager.MyListener - WebDriver start find element -->By.cssSelector: a[href='/login']
19:07:33.008  INFO  manager.MyListener - WebDriver start find element -->By.xpath: //input[1]
19:07:36.681  INFO  manager.MyListener - WebDriver start find element -->By.xpath: //input[]
19:07:36.781  INFO  manager.MyListener - The name of method with error -->findElement
19:07:36.782  INFO  manager.MyListener - We have a problem ---> org.openqa.selenium.InvalidSelectorException: invalid selector: Unable to locate an element with the xpath expression //input[] because of the following error:
SyntaxError: Failed to execute 'evaluate' on 'Document': The string '//input[]' is not a valid XPath expression.
  (Session info: chrome=103.0.5060.114)
For documentation on this error, please visit: https://selenium.dev/exceptions/#invalid_selector_exception
Build info: version: '4.2.2', revision: '683ccb65d6'
System info: host: 'ALEXPC', ip: '192.168.1.108', os.name: 'Windows 8.1', os.arch: 'amd64', os.version: '6.3', java.version: '11.0.15.1'
Driver info: org.openqa.selenium.chrome.ChromeDriver
Command: [fa573ca457ccb9918cf7ddb068ea3089, findElement {using=xpath, value=//input[]}]
Capabilities {acceptInsecureCerts: false, browserName: chrome, browserVersion: 103.0.5060.114, chrome: {chromedriverVersion: 103.0.5060.53 (a1711811edd7..., userDataDir: C:\Users\alex\AppData\Local...}, goog:chromeOptions: {debuggerAddress: localhost:58071}, networkConnectionEnabled: false, pageLoadStrategy: normal, platformName: WINDOWS, proxy: Proxy(), se:cdp: ws://localhost:58071/devtoo..., se:cdpVersion: 103.0.5060.114, setWindowRect: true, strictFileInteractability: false, timeouts: {implicit: 0, pageLoad: 300000, script: 30000}, unhandledPromptBehavior: dismiss and notify, webauthn:extension:credBlob: true, webauthn:extension:largeBlob: true, webauthn:virtualAuthenticators: true}
Session ID: fa573ca457ccb9918cf7ddb068ea3089
